<?xml version="1.0" encoding="UTF-8"?>
<testng-results skipped="0" failed="3" ignored="0" total="6" passed="3">
  <reporter-output>
  </reporter-output>
  <suite name="Default suite" duration-ms="39633" started-at="2018-03-28T08:28:31Z" finished-at="2018-03-28T08:29:10Z">
    <groups>
    </groups>
    <test name="Default test" duration-ms="39633" started-at="2018-03-28T08:28:31Z" finished-at="2018-03-28T08:29:10Z">
      <class name="com.ski.logintest.logintest">
        <test-method status="PASS" signature="launchBrowser()[pri:0, instance:com.ski.logintest.logintest@1b4872bc]" name="launchBrowser" is-config="true" duration-ms="16398" started-at="2018-03-28T13:58:31Z" finished-at="2018-03-28T13:58:47Z">
          <reporter-output>
          </reporter-output>
        </test-method> <!-- launchBrowser -->
        <test-method status="PASS" signature="beforeClass()[pri:0, instance:com.ski.logintest.logintest@1b4872bc]" name="beforeClass" is-config="true" duration-ms="3266" started-at="2018-03-28T13:58:47Z" finished-at="2018-03-28T13:58:50Z">
          <reporter-output>
          </reporter-output>
        </test-method> <!-- beforeClass -->
        <test-method status="PASS" signature="beforeMethod(java.lang.reflect.Method)[pri:0, instance:com.ski.logintest.logintest@1b4872bc]" name="beforeMethod" is-config="true" duration-ms="2" started-at="2018-03-28T13:58:53Z" finished-at="2018-03-28T13:58:53Z">
          <params>
            <param index="0">
              <value>
                <![CDATA[public void com.ski.logintest.logintest.loginTest(java.lang.String,java.lang.String,java.lang.String)]]>
              </value>
            </param>
          </params>
          <reporter-output>
          </reporter-output>
        </test-method> <!-- beforeMethod -->
        <test-method status="PASS" signature="loginTest(java.lang.String, java.lang.String, java.lang.String)[pri:0, instance:com.ski.logintest.logintest@1b4872bc]" name="loginTest" duration-ms="6871" started-at="2018-03-28T13:58:53Z" data-provider="testData" finished-at="2018-03-28T13:59:00Z">
          <params>
            <param index="0">
              <value>
                <![CDATA[a@123]]>
              </value>
            </param>
            <param index="1">
              <value>
                <![CDATA[emp123]]>
              </value>
            </param>
            <param index="2">
              <value>
                <![CDATA[Y]]>
              </value>
            </param>
          </params>
          <reporter-output>
          </reporter-output>
        </test-method> <!-- loginTest -->
        <test-method status="PASS" signature="afterMethod(org.testng.ITestResult)[pri:0, instance:com.ski.logintest.logintest@1b4872bc]" name="afterMethod" is-config="true" duration-ms="1" started-at="2018-03-28T13:59:00Z" finished-at="2018-03-28T13:59:00Z">
          <params>
            <param index="0">
              <value>
                <![CDATA[[TestResult name=loginTest status=SUCCESS method=logintest.loginTest(java.lang.String, java.lang.String, java.lang.String)[pri:0, instance:com.ski.logintest.logintest@1b4872bc] output={null}]]]>
              </value>
            </param>
          </params>
          <reporter-output>
          </reporter-output>
        </test-method> <!-- afterMethod -->
        <test-method status="PASS" signature="beforeMethod(java.lang.reflect.Method)[pri:0, instance:com.ski.logintest.logintest@1b4872bc]" name="beforeMethod" is-config="true" duration-ms="0" started-at="2018-03-28T13:59:00Z" finished-at="2018-03-28T13:59:00Z">
          <params>
            <param index="0">
              <value>
                <![CDATA[public void com.ski.logintest.logintest.loginTest(java.lang.String,java.lang.String,java.lang.String)]]>
              </value>
            </param>
          </params>
          <reporter-output>
          </reporter-output>
        </test-method> <!-- beforeMethod -->
        <test-method status="PASS" signature="loginTest(java.lang.String, java.lang.String, java.lang.String)[pri:0, instance:com.ski.logintest.logintest@1b4872bc]" name="loginTest" duration-ms="4770" started-at="2018-03-28T13:59:00Z" data-provider="testData" finished-at="2018-03-28T13:59:04Z">
          <params>
            <param index="0">
              <value>
                <![CDATA[admin@inmeghcms.in]]>
              </value>
            </param>
            <param index="1">
              <value>
                <![CDATA[12345678]]>
              </value>
            </param>
            <param index="2">
              <value>
                <![CDATA[Y]]>
              </value>
            </param>
          </params>
          <reporter-output>
          </reporter-output>
        </test-method> <!-- loginTest -->
        <test-method status="PASS" signature="afterMethod(org.testng.ITestResult)[pri:0, instance:com.ski.logintest.logintest@1b4872bc]" name="afterMethod" is-config="true" duration-ms="1" started-at="2018-03-28T13:59:05Z" finished-at="2018-03-28T13:59:05Z">
          <params>
            <param index="0">
              <value>
                <![CDATA[[TestResult name=loginTest status=SUCCESS method=logintest.loginTest(java.lang.String, java.lang.String, java.lang.String)[pri:0, instance:com.ski.logintest.logintest@1b4872bc] output={null}]]]>
              </value>
            </param>
          </params>
          <reporter-output>
          </reporter-output>
        </test-method> <!-- afterMethod -->
        <test-method status="PASS" signature="loginTest(java.lang.String, java.lang.String, java.lang.String)[pri:0, instance:com.ski.logintest.logintest@1b4872bc]" name="loginTest" duration-ms="3581" started-at="2018-03-28T13:59:05Z" data-provider="testData" finished-at="2018-03-28T13:59:08Z">
          <params>
            <param index="0">
              <value>
                <![CDATA[admin@inmeghcms.in]]>
              </value>
            </param>
            <param index="1">
              <value>
                <![CDATA[12345678]]>
              </value>
            </param>
            <param index="2">
              <value>
                <![CDATA[Y]]>
              </value>
            </param>
          </params>
          <reporter-output>
          </reporter-output>
        </test-method> <!-- loginTest -->
        <test-method status="PASS" signature="beforeMethod(java.lang.reflect.Method)[pri:0, instance:com.ski.logintest.logintest@1b4872bc]" name="beforeMethod" is-config="true" duration-ms="0" started-at="2018-03-28T13:59:05Z" finished-at="2018-03-28T13:59:05Z">
          <params>
            <param index="0">
              <value>
                <![CDATA[public void com.ski.logintest.logintest.loginTest(java.lang.String,java.lang.String,java.lang.String)]]>
              </value>
            </param>
          </params>
          <reporter-output>
          </reporter-output>
        </test-method> <!-- beforeMethod -->
        <test-method status="PASS" signature="afterMethod(org.testng.ITestResult)[pri:0, instance:com.ski.logintest.logintest@1b4872bc]" name="afterMethod" is-config="true" duration-ms="0" started-at="2018-03-28T13:59:08Z" finished-at="2018-03-28T13:59:08Z">
          <params>
            <param index="0">
              <value>
                <![CDATA[[TestResult name=loginTest status=SUCCESS method=logintest.loginTest(java.lang.String, java.lang.String, java.lang.String)[pri:0, instance:com.ski.logintest.logintest@1b4872bc] output={null}]]]>
              </value>
            </param>
          </params>
          <reporter-output>
          </reporter-output>
        </test-method> <!-- afterMethod -->
        <test-method status="PASS" signature="beforeMethod(java.lang.reflect.Method)[pri:0, instance:com.ski.logintest.logintest@1b4872bc]" name="beforeMethod" is-config="true" duration-ms="1" started-at="2018-03-28T13:59:08Z" finished-at="2018-03-28T13:59:08Z">
          <params>
            <param index="0">
              <value>
                <![CDATA[public void com.ski.logintest.logintest.loginTest(java.lang.String,java.lang.String,java.lang.String)]]>
              </value>
            </param>
          </params>
          <reporter-output>
          </reporter-output>
        </test-method> <!-- beforeMethod -->
        <test-method status="FAIL" signature="loginTest(java.lang.String, java.lang.String, java.lang.String)[pri:0, instance:com.ski.logintest.logintest@1b4872bc]" name="loginTest" duration-ms="2" started-at="2018-03-28T13:59:08Z" data-provider="testData" finished-at="2018-03-28T13:59:08Z">
          <params>
            <param index="0">
              <value is-null="true"/>
            </param>
            <param index="1">
              <value is-null="true"/>
            </param>
            <param index="2">
              <value is-null="true"/>
            </param>
          </params>
          <exception class="java.lang.NullPointerException">
            <full-stacktrace>
              <![CDATA[java.lang.NullPointerException
	at com.ski.logintest.logintest.loginTest(logintest.java:32)
	at sun.reflect.NativeMethodAccessorImpl.invoke0(Native Method)
	at sun.reflect.NativeMethodAccessorImpl.invoke(Unknown Source)
	at sun.reflect.DelegatingMethodAccessorImpl.invoke(Unknown Source)
	at java.lang.reflect.Method.invoke(Unknown Source)
	at org.testng.internal.MethodInvocationHelper.invokeMethod(MethodInvocationHelper.java:104)
	at org.testng.internal.Invoker.invokeMethod(Invoker.java:645)
	at org.testng.internal.Invoker.invokeTestMethod(Invoker.java:851)
	at org.testng.internal.Invoker.invokeTestMethods(Invoker.java:1177)
	at org.testng.internal.TestMethodWorker.invokeTestMethods(TestMethodWorker.java:129)
	at org.testng.internal.TestMethodWorker.run(TestMethodWorker.java:112)
	at org.testng.TestRunner.privateRun(TestRunner.java:756)
	at org.testng.TestRunner.run(TestRunner.java:610)
	at org.testng.SuiteRunner.runTest(SuiteRunner.java:387)
	at org.testng.SuiteRunner.runSequentially(SuiteRunner.java:382)
	at org.testng.SuiteRunner.privateRun(SuiteRunner.java:340)
	at org.testng.SuiteRunner.run(SuiteRunner.java:289)
	at org.testng.SuiteRunnerWorker.runSuite(SuiteRunnerWorker.java:52)
	at org.testng.SuiteRunnerWorker.run(SuiteRunnerWorker.java:86)
	at org.testng.TestNG.runSuitesSequentially(TestNG.java:1293)
	at org.testng.TestNG.runSuitesLocally(TestNG.java:1218)
	at org.testng.TestNG.runSuites(TestNG.java:1133)
	at org.testng.TestNG.run(TestNG.java:1104)
	at org.testng.remote.AbstractRemoteTestNG.run(AbstractRemoteTestNG.java:114)
	at org.testng.remote.RemoteTestNG.initAndRun(RemoteTestNG.java:251)
	at org.testng.remote.RemoteTestNG.main(RemoteTestNG.java:77)
]]>
            </full-stacktrace>
          </exception> <!-- java.lang.NullPointerException -->
          <reporter-output>
          </reporter-output>
        </test-method> <!-- loginTest -->
        <test-method status="PASS" signature="afterMethod(org.testng.ITestResult)[pri:0, instance:com.ski.logintest.logintest@1b4872bc]" name="afterMethod" is-config="true" duration-ms="768" started-at="2018-03-28T13:59:08Z" finished-at="2018-03-28T13:59:09Z">
          <params>
            <param index="0">
              <value>
                <![CDATA[[TestResult name=loginTest status=FAILURE method=logintest.loginTest(java.lang.String, java.lang.String, java.lang.String)[pri:0, instance:com.ski.logintest.logintest@1b4872bc] output={null}]]]>
              </value>
            </param>
          </params>
          <reporter-output>
          </reporter-output>
        </test-method> <!-- afterMethod -->
        <test-method status="FAIL" signature="loginTest(java.lang.String, java.lang.String, java.lang.String)[pri:0, instance:com.ski.logintest.logintest@1b4872bc]" name="loginTest" duration-ms="0" started-at="2018-03-28T13:59:09Z" data-provider="testData" finished-at="2018-03-28T13:59:09Z">
          <params>
            <param index="0">
              <value is-null="true"/>
            </param>
            <param index="1">
              <value is-null="true"/>
            </param>
            <param index="2">
              <value is-null="true"/>
            </param>
          </params>
          <exception class="java.lang.NullPointerException">
            <full-stacktrace>
              <![CDATA[java.lang.NullPointerException
	at com.ski.logintest.logintest.loginTest(logintest.java:32)
	at sun.reflect.NativeMethodAccessorImpl.invoke0(Native Method)
	at sun.reflect.NativeMethodAccessorImpl.invoke(Unknown Source)
	at sun.reflect.DelegatingMethodAccessorImpl.invoke(Unknown Source)
	at java.lang.reflect.Method.invoke(Unknown Source)
	at org.testng.internal.MethodInvocationHelper.invokeMethod(MethodInvocationHelper.java:104)
	at org.testng.internal.Invoker.invokeMethod(Invoker.java:645)
	at org.testng.internal.Invoker.invokeTestMethod(Invoker.java:851)
	at org.testng.internal.Invoker.invokeTestMethods(Invoker.java:1177)
	at org.testng.internal.TestMethodWorker.invokeTestMethods(TestMethodWorker.java:129)
	at org.testng.internal.TestMethodWorker.run(TestMethodWorker.java:112)
	at org.testng.TestRunner.privateRun(TestRunner.java:756)
	at org.testng.TestRunner.run(TestRunner.java:610)
	at org.testng.SuiteRunner.runTest(SuiteRunner.java:387)
	at org.testng.SuiteRunner.runSequentially(SuiteRunner.java:382)
	at org.testng.SuiteRunner.privateRun(SuiteRunner.java:340)
	at org.testng.SuiteRunner.run(SuiteRunner.java:289)
	at org.testng.SuiteRunnerWorker.runSuite(SuiteRunnerWorker.java:52)
	at org.testng.SuiteRunnerWorker.run(SuiteRunnerWorker.java:86)
	at org.testng.TestNG.runSuitesSequentially(TestNG.java:1293)
	at org.testng.TestNG.runSuitesLocally(TestNG.java:1218)
	at org.testng.TestNG.runSuites(TestNG.java:1133)
	at org.testng.TestNG.run(TestNG.java:1104)
	at org.testng.remote.AbstractRemoteTestNG.run(AbstractRemoteTestNG.java:114)
	at org.testng.remote.RemoteTestNG.initAndRun(RemoteTestNG.java:251)
	at org.testng.remote.RemoteTestNG.main(RemoteTestNG.java:77)
]]>
            </full-stacktrace>
          </exception> <!-- java.lang.NullPointerException -->
          <reporter-output>
          </reporter-output>
        </test-method> <!-- loginTest -->
        <test-method status="PASS" signature="beforeMethod(java.lang.reflect.Method)[pri:0, instance:com.ski.logintest.logintest@1b4872bc]" name="beforeMethod" is-config="true" duration-ms="0" started-at="2018-03-28T13:59:09Z" finished-at="2018-03-28T13:59:09Z">
          <params>
            <param index="0">
              <value>
                <![CDATA[public void com.ski.logintest.logintest.loginTest(java.lang.String,java.lang.String,java.lang.String)]]>
              </value>
            </param>
          </params>
          <reporter-output>
          </reporter-output>
        </test-method> <!-- beforeMethod -->
        <test-method status="PASS" signature="afterMethod(org.testng.ITestResult)[pri:0, instance:com.ski.logintest.logintest@1b4872bc]" name="afterMethod" is-config="true" duration-ms="315" started-at="2018-03-28T13:59:09Z" finished-at="2018-03-28T13:59:09Z">
          <params>
            <param index="0">
              <value>
                <![CDATA[[TestResult name=loginTest status=FAILURE method=logintest.loginTest(java.lang.String, java.lang.String, java.lang.String)[pri:0, instance:com.ski.logintest.logintest@1b4872bc] output={null}]]]>
              </value>
            </param>
          </params>
          <reporter-output>
          </reporter-output>
        </test-method> <!-- afterMethod -->
        <test-method status="PASS" signature="afterMethod(org.testng.ITestResult)[pri:0, instance:com.ski.logintest.logintest@1b4872bc]" name="afterMethod" is-config="true" duration-ms="340" started-at="2018-03-28T13:59:09Z" finished-at="2018-03-28T13:59:10Z">
          <params>
            <param index="0">
              <value>
                <![CDATA[[TestResult name=loginTest status=FAILURE method=logintest.loginTest(java.lang.String, java.lang.String, java.lang.String)[pri:0, instance:com.ski.logintest.logintest@1b4872bc] output={null}]]]>
              </value>
            </param>
          </params>
          <reporter-output>
          </reporter-output>
        </test-method> <!-- afterMethod -->
        <test-method status="FAIL" signature="loginTest(java.lang.String, java.lang.String, java.lang.String)[pri:0, instance:com.ski.logintest.logintest@1b4872bc]" name="loginTest" duration-ms="0" started-at="2018-03-28T13:59:09Z" data-provider="testData" finished-at="2018-03-28T13:59:09Z">
          <params>
            <param index="0">
              <value is-null="true"/>
            </param>
            <param index="1">
              <value is-null="true"/>
            </param>
            <param index="2">
              <value is-null="true"/>
            </param>
          </params>
          <exception class="java.lang.NullPointerException">
            <full-stacktrace>
              <![CDATA[java.lang.NullPointerException
	at com.ski.logintest.logintest.loginTest(logintest.java:32)
	at sun.reflect.NativeMethodAccessorImpl.invoke0(Native Method)
	at sun.reflect.NativeMethodAccessorImpl.invoke(Unknown Source)
	at sun.reflect.DelegatingMethodAccessorImpl.invoke(Unknown Source)
	at java.lang.reflect.Method.invoke(Unknown Source)
	at org.testng.internal.MethodInvocationHelper.invokeMethod(MethodInvocationHelper.java:104)
	at org.testng.internal.Invoker.invokeMethod(Invoker.java:645)
	at org.testng.internal.Invoker.invokeTestMethod(Invoker.java:851)
	at org.testng.internal.Invoker.invokeTestMethods(Invoker.java:1177)
	at org.testng.internal.TestMethodWorker.invokeTestMethods(TestMethodWorker.java:129)
	at org.testng.internal.TestMethodWorker.run(TestMethodWorker.java:112)
	at org.testng.TestRunner.privateRun(TestRunner.java:756)
	at org.testng.TestRunner.run(TestRunner.java:610)
	at org.testng.SuiteRunner.runTest(SuiteRunner.java:387)
	at org.testng.SuiteRunner.runSequentially(SuiteRunner.java:382)
	at org.testng.SuiteRunner.privateRun(SuiteRunner.java:340)
	at org.testng.SuiteRunner.run(SuiteRunner.java:289)
	at org.testng.SuiteRunnerWorker.runSuite(SuiteRunnerWorker.java:52)
	at org.testng.SuiteRunnerWorker.run(SuiteRunnerWorker.java:86)
	at org.testng.TestNG.runSuitesSequentially(TestNG.java:1293)
	at org.testng.TestNG.runSuitesLocally(TestNG.java:1218)
	at org.testng.TestNG.runSuites(TestNG.java:1133)
	at org.testng.TestNG.run(TestNG.java:1104)
	at org.testng.remote.AbstractRemoteTestNG.run(AbstractRemoteTestNG.java:114)
	at org.testng.remote.RemoteTestNG.initAndRun(RemoteTestNG.java:251)
	at org.testng.remote.RemoteTestNG.main(RemoteTestNG.java:77)
]]>
            </full-stacktrace>
          </exception> <!-- java.lang.NullPointerException -->
          <reporter-output>
          </reporter-output>
        </test-method> <!-- loginTest -->
        <test-method status="PASS" signature="beforeMethod(java.lang.reflect.Method)[pri:0, instance:com.ski.logintest.logintest@1b4872bc]" name="beforeMethod" is-config="true" duration-ms="0" started-at="2018-03-28T13:59:09Z" finished-at="2018-03-28T13:59:09Z">
          <params>
            <param index="0">
              <value>
                <![CDATA[public void com.ski.logintest.logintest.loginTest(java.lang.String,java.lang.String,java.lang.String)]]>
              </value>
            </param>
          </params>
          <reporter-output>
          </reporter-output>
        </test-method> <!-- beforeMethod -->
        <test-method status="PASS" signature="endTest()[pri:0, instance:com.ski.logintest.logintest@1b4872bc]" name="endTest" is-config="true" duration-ms="730" started-at="2018-03-28T13:59:10Z" finished-at="2018-03-28T13:59:10Z">
          <reporter-output>
          </reporter-output>
        </test-method> <!-- endTest -->
      </class> <!-- com.ski.logintest.logintest -->
    </test> <!-- Default test -->
  </suite> <!-- Default suite -->
</testng-results>
